Configuration: Annotated Packages: [com.cburch], Library Check Activation: true, Validation Check Activation: false, Side Effect Activation: false
/home/nima/Developer/taint-benchmarks/logisim-evolution/src/main/java/com/cburch/logisim/vhdl/sim/VhdlSimulatorTclBinder.java:70: warning: [argument] incompatible argument for parameter command of ProcessBuilder constructor.
    builder = new ProcessBuilder(command);
                                 ^
  found   : @RUntainted ArrayList<@RTainted String>
  required: @RTainted List<@RUntainted String>, index: 1
error: Error in AnnotatedTypeMirror.fromExpression(ReturnsReceiverAnnotatedTypeFactory, Attributes.forOption("size", S.getter("gateSizeAttr"), new AttributeOption[]{SIZE_NARROW, SIZE_MEDIUM, SIZE_WIDE})): null
  ; The Checker Framework crashed.  Please report the crash.  Version: Checker Framework 3.39.0. 
  Compilation unit: /home/nima/Developer/taint-benchmarks/logisim-evolution/src/main/java/com/cburch/logisim/std/gates/GateAttributes.java
  Last visited tree at line 24 column 1:
  public class GateAttributes extends AbstractAttributeSet {
  Exception: java.lang.NullPointerException; java.lang.NullPointerException
/home/nima/Developer/taint-benchmarks/logisim-evolution/src/main/java/com/cburch/logisim/std/tcl/TclWrapper.java:108: warning: [argument] incompatible argument for parameter command of ProcessBuilder constructor.
    builder = new ProcessBuilder(command);
                                 ^
  found   : @RUntainted ArrayList<@RTainted String>
  required: @RTainted List<@RUntainted String>, index: 2
error: Error in AnnotatedTypeMirror.fromExpression(ReturnsReceiverAnnotatedTypeFactory, Attributes.forOption("halign", S.getter("textHorzAlignAttr"), new AttributeOption[]{new AttributeOption(TextField.H_LEFT, "left", S.getter("textHorzAlignLeftOpt")), new AttributeOption(TextField.H_RIGHT, "right", S.getter("textHorzAlignRightOpt")), new AttributeOption(TextField.H_CENTER, "center", S.getter("textHorzAlignCenterOpt"))})): null
  ; The Checker Framework crashed.  Please report the crash.  Version: Checker Framework 3.39.0. 
  Compilation unit: /home/nima/Developer/taint-benchmarks/logisim-evolution/src/main/java/com/cburch/logisim/std/base/Text.java
  Last visited tree at line 34 column 1:
  public class Text extends InstanceFactory {
  Exception: java.lang.NullPointerException; java.lang.NullPointerException
/home/nima/Developer/taint-benchmarks/logisim-evolution/src/main/java/com/cburch/logisim/proj/ProjectActions.java:437: warning: [argument] incompatible argument for parameter dir of Files.createDirectories.
            Files.createDirectories(Paths.get(exportLibDir));
                                             ^
  found   : @RTainted Path
  required: @RUntainted Path, index: 3
/home/nima/Developer/taint-benchmarks/logisim-evolution/src/main/java/com/cburch/logisim/proj/ProjectActions.java:438: warning: [argument] incompatible argument for parameter dir of Files.createDirectories.
            Files.createDirectories(Paths.get(exportCircDir));
                                             ^
  found   : @RTainted Path
  required: @RUntainted Path, index: 4
/home/nima/Developer/taint-benchmarks/logisim-evolution/src/main/java/com/cburch/logisim/util/Softwares.java:56: warning: [argument] incompatible argument for parameter command of ProcessBuilder constructor.
      final java.lang.ProcessBuilder vlibBuilder = new ProcessBuilder(command);
                                                                      ^
  found   : @RUntainted ArrayList<@RTainted String>
  required: @RTainted List<@RUntainted String>, index: 5
/home/nima/Developer/taint-benchmarks/logisim-evolution/src/main/java/com/cburch/logisim/util/Softwares.java:191: warning: [argument] incompatible argument for parameter command of ProcessBuilder constructor.
      final java.lang.ProcessBuilder questa = new ProcessBuilder(command);
                                                                 ^
  found   : @RUntainted List<@RTainted String>
  required: @RTainted List<@RUntainted String>, index: 6
/home/nima/Developer/taint-benchmarks/logisim-evolution/src/main/java/com/cburch/logisim/fpga/download/XilinxDownload.java:126: warning: [argument] incompatible argument for parameter command of ProcessBuilder constructor.
      final java.lang.ProcessBuilder xilinx = new ProcessBuilder(command);
                                                                 ^
  found   : @RUntainted ArrayList<@RTainted String>
  required: @RTainted List<@RUntainted String>, index: 7
/home/nima/Developer/taint-benchmarks/logisim-evolution/src/main/java/com/cburch/logisim/fpga/download/XilinxDownload.java:319: warning: [argument] incompatible argument for parameter command of ProcessBuilder constructor.
    final java.lang.ProcessBuilder stage0 = new ProcessBuilder(command.get());
                                                                          ^
  found   : @RTainted List<@RTainted String>
  required: @RTainted List<@RUntainted String>, index: 8
/home/nima/Developer/taint-benchmarks/logisim-evolution/src/main/java/com/cburch/logisim/fpga/download/XilinxDownload.java:334: warning: [argument] incompatible argument for parameter command of ProcessBuilder constructor.
    final java.lang.ProcessBuilder stage1 = new ProcessBuilder(command.get());
                                                                          ^
  found   : @RTainted List<@RTainted String>
  required: @RTainted List<@RUntainted String>, index: 9
/home/nima/Developer/taint-benchmarks/logisim-evolution/src/main/java/com/cburch/logisim/fpga/download/XilinxDownload.java:349: warning: [argument] incompatible argument for parameter command of ProcessBuilder constructor.
    final java.lang.ProcessBuilder stage2 = new ProcessBuilder(command.get());
                                                                          ^
  found   : @RTainted List<@RTainted String>
  required: @RTainted List<@RUntainted String>, index: 10
/home/nima/Developer/taint-benchmarks/logisim-evolution/src/main/java/com/cburch/logisim/fpga/download/XilinxDownload.java:389: warning: [argument] incompatible argument for parameter command of ProcessBuilder constructor.
    final java.lang.ProcessBuilder stage3 = new ProcessBuilder(command.get());
                                                                          ^
  found   : @RTainted List<@RTainted String>
  required: @RTainted List<@RUntainted String>, index: 11
/home/nima/Developer/taint-benchmarks/logisim-evolution/src/main/java/com/cburch/logisim/fpga/download/XilinxDownload.java:404: warning: [argument] incompatible argument for parameter command of ProcessBuilder constructor.
    final java.lang.ProcessBuilder stage4 = new ProcessBuilder(command.get());
                                                                          ^
  found   : @RTainted List<@RTainted String>
  required: @RTainted List<@RUntainted String>, index: 12
/home/nima/Developer/taint-benchmarks/logisim-evolution/src/main/java/com/cburch/logisim/fpga/download/VivadoDownload.java:111: warning: [argument] incompatible argument for parameter command of ProcessBuilder constructor.
    final java.lang.ProcessBuilder stage0 = new ProcessBuilder(command.get());
                                                                          ^
  found   : @RTainted List<@RTainted String>
  required: @RTainted List<@RUntainted String>, index: 13
/home/nima/Developer/taint-benchmarks/logisim-evolution/src/main/java/com/cburch/logisim/fpga/download/VivadoDownload.java:261: warning: [argument] incompatible argument for parameter command of ProcessBuilder constructor.
    final java.lang.ProcessBuilder stage0 = new ProcessBuilder(command.get());
                                                                          ^
  found   : @RTainted List<@RTainted String>
  required: @RTainted List<@RUntainted String>, index: 14
/home/nima/Developer/taint-benchmarks/logisim-evolution/src/main/java/com/cburch/logisim/fpga/download/VivadoDownload.java:274: warning: [argument] incompatible argument for parameter command of ProcessBuilder constructor.
    final java.lang.ProcessBuilder stage1 = new ProcessBuilder(command.get());
                                                                          ^
  found   : @RTainted List<@RTainted String>
  required: @RTainted List<@RUntainted String>, index: 15
/home/nima/Developer/taint-benchmarks/logisim-evolution/src/main/java/com/cburch/logisim/fpga/download/AlteraDownload.java:133: warning: [argument] incompatible argument for parameter command of ProcessBuilder constructor.
    final java.lang.ProcessBuilder down = new ProcessBuilder(command);
                                                             ^
  found   : @RUntainted ArrayList<@RTainted String>
  required: @RTainted List<@RUntainted String>, index: 16
/home/nima/Developer/taint-benchmarks/logisim-evolution/src/main/java/com/cburch/logisim/fpga/download/AlteraDownload.java:143: warning: [argument] incompatible argument for parameter command of ProcessBuilder constructor.
    final java.lang.ProcessBuilder stage0 = new ProcessBuilder(command);
                                                               ^
  found   : @RUntainted ArrayList<@RTainted String>
  required: @RTainted List<@RUntainted String>, index: 17
/home/nima/Developer/taint-benchmarks/logisim-evolution/src/main/java/com/cburch/logisim/fpga/download/AlteraDownload.java:153: warning: [argument] incompatible argument for parameter command of ProcessBuilder constructor.
    final java.lang.ProcessBuilder stage1 = new ProcessBuilder(command);
                                                               ^
  found   : @RUntainted ArrayList<@RTainted String>
  required: @RTainted List<@RUntainted String>, index: 18
/home/nima/Developer/taint-benchmarks/logisim-evolution/src/main/java/com/cburch/logisim/fpga/download/AlteraDownload.java:164: warning: [argument] incompatible argument for parameter command of ProcessBuilder constructor.
    final java.lang.ProcessBuilder stage2 = new ProcessBuilder(command);
                                                               ^
  found   : @RUntainted ArrayList<@RTainted String>
  required: @RTainted List<@RUntainted String>, index: 19
/home/nima/Developer/taint-benchmarks/logisim-evolution/src/main/java/com/cburch/logisim/fpga/download/AlteraDownload.java:293: warning: [argument] incompatible argument for parameter command of ProcessBuilder constructor.
    final java.lang.ProcessBuilder detect = new ProcessBuilder(command);
                                                               ^
  found   : @RUntainted ArrayList<@RTainted String>
  required: @RTainted List<@RUntainted String>, index: 20
/home/nima/Developer/taint-benchmarks/logisim-evolution/src/main/java/com/cburch/logisim/fpga/download/AlteraDownload.java:366: warning: [argument] incompatible argument for parameter command of ProcessBuilder constructor.
    final java.lang.ProcessBuilder prog = new ProcessBuilder(command.get());
                                                                        ^
  found   : @RTainted List<@RTainted String>
  required: @RTainted List<@RUntainted String>, index: 21
/home/nima/Developer/taint-benchmarks/logisim-evolution/src/main/java/com/cburch/logisim/fpga/download/AlteraDownload.java:409: warning: [argument] incompatible argument for parameter command of ProcessBuilder constructor.
    final java.lang.ProcessBuilder prog = new ProcessBuilder(command.get());
                                                                        ^
  found   : @RTainted List<@RTainted String>
  required: @RTainted List<@RUntainted String>, index: 22
/home/nima/Developer/taint-benchmarks/logisim-evolution/src/main/java/com/cburch/logisim/fpga/download/AlteraDownload.java:446: warning: [argument] incompatible argument for parameter command of ProcessBuilder constructor.
    final java.lang.ProcessBuilder jic = new ProcessBuilder(command);
                                                            ^
  found   : @RUntainted ArrayList<@RTainted String>
  required: @RTainted List<@RUntainted String>, index: 23
2 errors
23 warnings

FAILURE: Build failed with an exception.

* What went wrong:
Execution failed for task ':compileJava'.
> Compilation failed; see the compiler error output for details.

* Try:
> Run with --stacktrace option to get the stack trace.
> Run with --info or --debug option to get more log output.
> Run with --scan to get full insights.

* Get more help at https://help.gradle.org

BUILD FAILED in 1m 43s
